  main.cpp
  ofApp.cpp
c:\users\christian broms\documents\of_v0.11.0_vs2017_release\libs\openframeworks\math\ofmatrix4x4.h(326): warning C4267: 'argument': conversion from 'size_t' to 'int', possible loss of data (compiling source file src\ofApp.cpp)
c:\users\christian broms\documents\of_v0.11.0_vs2017_release\libs\openframeworks\math\ofmatrix4x4.h(331): warning C4267: 'argument': conversion from 'size_t' to 'int', possible loss of data (compiling source file src\ofApp.cpp)
c:\users\christian broms\documents\of_v0.11.0_vs2017_release\libs\openframeworks\math\ofmatrix4x4.h(326): warning C4267: 'argument': conversion from 'size_t' to 'int', possible loss of data (compiling source file src\main.cpp)
c:\users\christian broms\documents\of_v0.11.0_vs2017_release\libs\openframeworks\math\ofmatrix4x4.h(331): warning C4267: 'argument': conversion from 'size_t' to 'int', possible loss of data (compiling source file src\main.cpp)
c:\users\christian broms\documents\of_v0.11.0_vs2017_release\libs\openframeworks\math\ofmatrix4x4.h(912): warning C4267: 'argument': conversion from 'size_t' to 'int', possible loss of data (compiling source file src\ofApp.cpp)
c:\users\christian broms\documents\of_v0.11.0_vs2017_release\libs\openframeworks\math\ofmatrix4x4.h(913): warning C4267: 'argument': conversion from 'size_t' to 'int', possible loss of data (compiling source file src\ofApp.cpp)
c:\users\christian broms\documents\of_v0.11.0_vs2017_release\libs\openframeworks\math\ofmatrix4x4.h(912): warning C4267: 'argument': conversion from 'size_t' to 'int', possible loss of data (compiling source file src\main.cpp)
c:\users\christian broms\documents\of_v0.11.0_vs2017_release\libs\openframeworks\math\ofmatrix4x4.h(914): warning C4267: 'argument': conversion from 'size_t' to 'int', possible loss of data (compiling source file src\ofApp.cpp)
c:\users\christian broms\documents\of_v0.11.0_vs2017_release\libs\openframeworks\math\ofmatrix4x4.h(913): warning C4267: 'argument': conversion from 'size_t' to 'int', possible loss of data (compiling source file src\main.cpp)
c:\users\christian broms\documents\of_v0.11.0_vs2017_release\libs\openframeworks\math\ofmatrix4x4.h(915): warning C4267: 'argument': conversion from 'size_t' to 'int', possible loss of data (compiling source file src\ofApp.cpp)
c:\users\christian broms\documents\of_v0.11.0_vs2017_release\libs\openframeworks\math\ofmatrix4x4.h(914): warning C4267: 'argument': conversion from 'size_t' to 'int', possible loss of data (compiling source file src\main.cpp)
c:\users\christian broms\documents\of_v0.11.0_vs2017_release\libs\openframeworks\math\ofmatrix4x4.h(915): warning C4267: 'argument': conversion from 'size_t' to 'int', possible loss of data (compiling source file src\main.cpp)
     Creating library bin\EyeTracker2_debug.lib and object bin\EyeTracker2_debug.exp
  EyeTracker2.vcxproj -> C:\Users\Christian Broms\Documents\EyeTracker2\EyeTracker2\bin\EyeTracker2_debug.exe
  
  	                   2	C:\Users\Christian Broms\Documents\of_v0.11.0_vs2017_release\libs\fmodex\lib\vs\x64\
  	  *EXTRA File 		 6942208	C:\Users\Christian Broms\Documents\EyeTracker2\EyeTracker2\bin\FreeImage.dll
  	  *EXTRA File 		 1228504	C:\Users\Christian Broms\Documents\EyeTracker2\EyeTracker2\bin\Tobii.EyeX.Client.dll
  
  	                   1	C:\Users\Christian Broms\Documents\of_v0.11.0_vs2017_release\libs\FreeImage\lib\vs\x64\
  	  *EXTRA File 		 1503232	C:\Users\Christian Broms\Documents\EyeTracker2\EyeTracker2\bin\fmodex64.dll
  	  *EXTRA File 		 1552384	C:\Users\Christian Broms\Documents\EyeTracker2\EyeTracker2\bin\fmodexL64.dll
  	  *EXTRA File 		 1228504	C:\Users\Christian Broms\Documents\EyeTracker2\EyeTracker2\bin\Tobii.EyeX.Client.dll
